<?xml version="1.0" encoding="UTF-8"?>
<!-- Generated by org.testng.reporters.JUnitXMLReporter -->
<testsuite ignored="0" hostname="LF-00002623" failures="0" tests="3" name="Test" time="38.441" errors="0" timestamp="2024-02-27T12:08:07 IST">
  <testcase classname="testProject.LoginPageTest" name="verifyUserDataInTable1" time="7.053"/>
  <testcase classname="testProject.ProductsPageTest" name="Productadded" time="6.923"/>
  <testcase classname="testProject.ProductRemovepage" name="verifyUserDataInTable1" time="7.511"/>
</testsuite> <!-- Test -->
