<?xml version="1.0" encoding="UTF-8"?>
<testng-results ignored="0" total="3" passed="3" failed="0" skipped="0">
  <reporter-output>
  </reporter-output>
  <suite started-at="2024-02-27T12:07:29 IST" name="Suite" finished-at="2024-02-27T12:08:07 IST" duration-ms="38441">
    <groups>
    </groups>
    <test started-at="2024-02-27T12:07:29 IST" name="Test" finished-at="2024-02-27T12:08:07 IST" duration-ms="38441">
      <class name="testProject.LoginPageTest">
        <test-method is-config="true" signature="openChromerBrowser()[pri:0, instance:testProject.LoginPageTest@26b3fd41]" started-at="2024-02-27T12:07:29 IST" name="openChromerBrowser" finished-at="2024-02-27T12:07:33 IST" duration-ms="4603" status="PASS">
          <reporter-output>
          </reporter-output>
        </test-method> <!-- openChromerBrowser -->
        <test-method signature="verifyUserDataInTable1()[pri:0, instance:testProject.LoginPageTest@26b3fd41]" started-at="2024-02-27T12:07:40 IST" name="verifyUserDataInTable1" finished-at="2024-02-27T12:07:47 IST" duration-ms="7053" status="PASS">
          <reporter-output>
          </reporter-output>
        </test-method> <!-- verifyUserDataInTable1 -->
        <test-method is-config="true" signature="closeBrowser()[pri:0, instance:testProject.LoginPageTest@26b3fd41]" started-at="2024-02-27T12:07:47 IST" name="closeBrowser" finished-at="2024-02-27T12:07:48 IST" duration-ms="1560" status="PASS">
          <reporter-output>
          </reporter-output>
        </test-method> <!-- closeBrowser -->
      </class> <!-- testProject.LoginPageTest -->
      <class name="testProject.ProductRemovepage">
        <test-method is-config="true" signature="openChromerBrowser()[pri:0, instance:testProject.ProductRemovepage@e4487af]" started-at="2024-02-27T12:07:33 IST" name="openChromerBrowser" finished-at="2024-02-27T12:07:36 IST" duration-ms="3065" status="PASS">
          <reporter-output>
          </reporter-output>
        </test-method> <!-- openChromerBrowser -->
        <test-method signature="verifyUserDataInTable1()[pri:0, instance:testProject.ProductRemovepage@e4487af]" started-at="2024-02-27T12:07:58 IST" name="verifyUserDataInTable1" finished-at="2024-02-27T12:08:06 IST" duration-ms="7511" status="PASS">
          <reporter-output>
          </reporter-output>
        </test-method> <!-- verifyUserDataInTable1 -->
        <test-method is-config="true" signature="closeBrowser()[pri:0, instance:testProject.ProductRemovepage@e4487af]" started-at="2024-02-27T12:08:06 IST" name="closeBrowser" finished-at="2024-02-27T12:08:07 IST" duration-ms="1311" status="PASS">
          <reporter-output>
          </reporter-output>
        </test-method> <!-- closeBrowser -->
      </class> <!-- testProject.ProductRemovepage -->
      <class name="testProject.ProductsPageTest">
        <test-method is-config="true" signature="openChromerBrowser()[pri:0, instance:testProject.ProductsPageTest@687e99d8]" started-at="2024-02-27T12:07:36 IST" name="openChromerBrowser" finished-at="2024-02-27T12:07:40 IST" duration-ms="3474" status="PASS">
          <reporter-output>
          </reporter-output>
        </test-method> <!-- openChromerBrowser -->
        <test-method signature="Productadded()[pri:0, instance:testProject.ProductsPageTest@687e99d8]" started-at="2024-02-27T12:07:48 IST" name="Productadded" finished-at="2024-02-27T12:07:55 IST" duration-ms="6923" status="PASS">
          <reporter-output>
          </reporter-output>
        </test-method> <!-- Productadded -->
        <test-method is-config="true" signature="closeBrowser()[pri:0, instance:testProject.ProductsPageTest@687e99d8]" started-at="2024-02-27T12:07:55 IST" name="closeBrowser" finished-at="2024-02-27T12:07:58 IST" duration-ms="2825" status="PASS">
          <reporter-output>
          </reporter-output>
        </test-method> <!-- closeBrowser -->
      </class> <!-- testProject.ProductsPageTest -->
    </test> <!-- Test -->
  </suite> <!-- Suite -->
</testng-results>
